[debug] [2021-07-10T05:26:04.601Z] ----------------------------------------------------------------------
[debug] [2021-07-10T05:26:04.605Z] Command:       C:\Program Files\nodejs\node.exe C:\Users\user\AppData\Roaming\npm\node_modules\firebase-tools\lib\bin\firebase.js emulators:start
[debug] [2021-07-10T05:26:04.605Z] CLI Version:   9.14.0
[debug] [2021-07-10T05:26:04.606Z] Platform:      win32
[debug] [2021-07-10T05:26:04.606Z] Node Version:  v14.15.4
[debug] [2021-07-10T05:26:04.607Z] Time:          Sat Jul 10 2021 10:56:04 GMT+0530 (India Standard Time)
[debug] [2021-07-10T05:26:04.607Z] ----------------------------------------------------------------------
[debug] 
[debug] [2021-07-10T05:26:04.628Z] >>> [apiv2][query] GET https://firebase-public.firebaseio.com/cli.json [none]
[debug] [2021-07-10T05:26:04.688Z] > command requires scopes: ["email","openid","https://www.googleapis.com/auth/cloudplatformprojects.readonly","https://www.googleapis.com/auth/firebase","https://www.googleapis.com/auth/cloud-platform"]
[debug] [2021-07-10T05:26:04.689Z] > authorizing via signed-in user (akash19.ms97@gmail.com)
[info] i  emulators: Starting emulators: functions, hosting {"metadata":{"emulator":{"name":"hub"},"message":"Starting emulators: functions, hosting"}}
[debug] [2021-07-10T05:26:04.705Z] [hub] writing locator at C:\Users\user\AppData\Local\Temp\hub-clone-11a84.json
[warn] !  functions: The following emulators are not running, calls to these services from the Functions emulator will affect production: auth, firestore, database, pubsub, storage {"metadata":{"emulator":{"name":"functions"},"message":"The following emulators are not running, calls to these services from the Functions emulator will affect production: \u001b[1mauth, firestore, database, pubsub, storage\u001b[22m"}}
[info] +  functions: Using node@14 from host. {"metadata":{"emulator":{"name":"functions"},"message":"Using node@14 from host."}}
[debug] [2021-07-10T05:26:04.737Z] defaultcredentials: writing to file C:\Users\user\AppData\Roaming\firebase\akash19_ms97_gmail.com_application_default_credentials.json
[debug] [2021-07-10T05:26:04.788Z] Setting GAC to C:\Users\user\AppData\Roaming\firebase\akash19_ms97_gmail.com_application_default_credentials.json {"metadata":{"emulator":{"name":"functions"},"message":"Setting GAC to C:\\Users\\user\\AppData\\Roaming\\firebase\\akash19_ms97_gmail.com_application_default_credentials.json"}}
[debug] [2021-07-10T05:26:04.790Z] > refreshing access token with scopes: []
[debug] [2021-07-10T05:26:04.791Z] >>> HTTP REQUEST POST https://www.googleapis.com/oauth2/v3/token  
 <request body omitted>
[debug] [2021-07-10T05:26:05.051Z] <<< HTTP RESPONSE 200 {"cache-control":"no-cache, no-store, max-age=0, must-revalidate","expires":"Mon, 01 Jan 1990 00:00:00 GMT","pragma":"no-cache","date":"Sat, 10 Jul 2021 05:26:06 GMT","content-type":"application/json; charset=utf-8","vary":"X-Origin, Referer, Origin,Accept-Encoding","server":"scaffolding on HTTPServer2","x-xss-protection":"0","x-frame-options":"SAMEORIGIN","x-content-type-options":"nosniff","alt-svc":"h3=\":443\"; ma=2592000,h3-29=\":443\"; ma=2592000,h3-T051=\":443\"; ma=2592000,h3-Q050=\":443\"; ma=2592000,h3-Q046=\":443\"; ma=2592000,h3-Q043=\":443\"; ma=2592000,quic=\":443\"; ma=2592000; v=\"46,43\"","accept-ranges":"none","transfer-encoding":"chunked"}
[debug] [2021-07-10T05:26:05.141Z] >>> [apiv2][query] GET https://firebase.googleapis.com/v1beta1/projects/clone-11a84/adminSdkConfig [none]
[debug] [2021-07-10T05:26:05.770Z] <<< [apiv2][status] GET https://firebase-public.firebaseio.com/cli.json 200
[debug] [2021-07-10T05:26:05.770Z] <<< [apiv2][body] GET https://firebase-public.firebaseio.com/cli.json {"cloudBuildErrorAfter":1594252800000,"cloudBuildWarnAfter":1590019200000,"defaultNode10After":1594252800000,"minVersion":"3.0.5","node8DeploysDisabledAfter":1613390400000,"node8RuntimeDisabledAfter":1615809600000,"node8WarnAfter":1600128000000}
[debug] [2021-07-10T05:26:05.884Z] <<< [apiv2][status] GET https://firebase.googleapis.com/v1beta1/projects/clone-11a84/adminSdkConfig 200
[debug] [2021-07-10T05:26:05.884Z] <<< [apiv2][body] GET https://firebase.googleapis.com/v1beta1/projects/clone-11a84/adminSdkConfig {"projectId":"clone-11a84","storageBucket":"clone-11a84.appspot.com","locationId":"us-central"}
[debug] [2021-07-10T05:26:05.934Z] >>> [apiv2][query] GET https://firebasehosting.googleapis.com/v1beta1/projects/clone-11a84/sites 
[debug] [2021-07-10T05:26:07.569Z] <<< [apiv2][status] GET https://firebasehosting.googleapis.com/v1beta1/projects/clone-11a84/sites 200
[debug] [2021-07-10T05:26:07.569Z] <<< [apiv2][body] GET https://firebasehosting.googleapis.com/v1beta1/projects/clone-11a84/sites {"sites":[{"name":"projects/127054846670/sites/clone-11a84","defaultUrl":"https://clone-11a84.web.app","appId":"1:127054846670:web:43275c2fb57bcba1bf8e9f","type":"DEFAULT_SITE"}]}
[debug] [2021-07-10T05:26:07.570Z] >>> [apiv2][query] GET https://firebase.googleapis.com/v1beta1/projects/clone-11a84/webApps/1:127054846670:web:43275c2fb57bcba1bf8e9f/config [none]
[debug] [2021-07-10T05:26:08.961Z] <<< [apiv2][status] GET https://firebase.googleapis.com/v1beta1/projects/clone-11a84/webApps/1:127054846670:web:43275c2fb57bcba1bf8e9f/config 200
[debug] [2021-07-10T05:26:08.961Z] <<< [apiv2][body] GET https://firebase.googleapis.com/v1beta1/projects/clone-11a84/webApps/1:127054846670:web:43275c2fb57bcba1bf8e9f/config {"projectId":"clone-11a84","appId":"1:127054846670:web:43275c2fb57bcba1bf8e9f","storageBucket":"clone-11a84.appspot.com","locationId":"us-central","apiKey":"AIzaSyDHD3W3pjBRxeab5M-nWytGUG0TweX4BoY","authDomain":"clone-11a84.firebaseapp.com","messagingSenderId":"127054846670","measurementId":"G-D7XT4M153P"}
[info] i  hosting: Serving hosting files from: build {"metadata":{"emulator":{"name":"hosting"},"message":"Serving hosting files from: \u001b[1mbuild\u001b[22m"}}
[info] +  hosting: Local server: http://localhost:5000 {"metadata":{"emulator":{"name":"hosting"},"message":"Local server: \u001b[4m\u001b[1mhttp://localhost:5000\u001b[22m\u001b[24m"}}
[debug] [2021-07-10T05:26:09.313Z] Ignoring unsupported arg: auto_download {"metadata":{"emulator":{"name":"ui"},"message":"Ignoring unsupported arg: auto_download"}}
[debug] [2021-07-10T05:26:09.313Z] Ignoring unsupported arg: port {"metadata":{"emulator":{"name":"ui"},"message":"Ignoring unsupported arg: port"}}
[debug] [2021-07-10T05:26:09.314Z] Starting Emulator UI with command {"binary":"node","args":["C:\\Users\\user\\.cache\\firebase\\emulators\\ui-v1.5.0\\server.bundle.js"],"optionalArgs":[],"joinArgs":false} {"metadata":{"emulator":{"name":"ui"},"message":"Starting Emulator UI with command {\"binary\":\"node\",\"args\":[\"C:\\\\Users\\\\user\\\\.cache\\\\firebase\\\\emulators\\\\ui-v1.5.0\\\\server.bundle.js\"],\"optionalArgs\":[],\"joinArgs\":false}"}}
[info] i  ui: Emulator UI logging to ui-debug.log {"metadata":{"emulator":{"name":"ui"},"message":"Emulator UI logging to \u001b[1mui-debug.log\u001b[22m"}}
[debug] [2021-07-10T05:26:09.474Z] Web / API server started at http://localhost:4000
 {"metadata":{"emulator":{"name":"ui"},"message":"Web / API server started at http://localhost:4000\n"}}
[info] i  functions: Watching "C:\Users\user\Desktop\Web Development Projects\amazon_clone\functions" for Cloud Functions... {"metadata":{"emulator":{"name":"functions"},"message":"Watching \"C:\\Users\\user\\Desktop\\Web Development Projects\\amazon_clone\\functions\" for Cloud Functions..."}}
[debug] [2021-07-10T05:26:09.636Z] [worker-pool] addWorker(~diagnostic~) {"metadata":{"emulator":{"name":"functions"},"message":"[worker-pool] addWorker(~diagnostic~)"}}
[debug] [2021-07-10T05:26:09.636Z] [worker-pool] Adding worker with key ~diagnostic~, total=1 {"metadata":{"emulator":{"name":"functions"},"message":"[worker-pool] Adding worker with key ~diagnostic~, total=1"}}
[debug] [2021-07-10T05:26:09.636Z] [worker-pool] submitWork(triggerId=) {"metadata":{"emulator":{"name":"functions"},"message":"[worker-pool] submitWork(triggerId=)"}}
[debug] [2021-07-10T05:26:09.636Z] [worker-~diagnostic~-cecc0227-0637-4d49-8304-7663d37faaf4]: Assigning socketPath: \\?\pipe\C:\Users\user\Desktop\Web Development Projects\amazon_clone\functions\14876 {"metadata":{"emulator":{"name":"functions"},"message":"[worker-~diagnostic~-cecc0227-0637-4d49-8304-7663d37faaf4]: Assigning socketPath: \\\\?\\pipe\\C:\\Users\\user\\Desktop\\Web Development Projects\\amazon_clone\\functions\\14876"}}
[debug] [2021-07-10T05:26:09.637Z] [worker-~diagnostic~-cecc0227-0637-4d49-8304-7663d37faaf4]: BUSY {"metadata":{"emulator":{"name":"functions"},"message":"[worker-~diagnostic~-cecc0227-0637-4d49-8304-7663d37faaf4]: BUSY"}}
[debug] [2021-07-10T05:26:09.871Z] [runtime-status] [14876] Functions runtime initialized. {"cwd":"C:\\Users\\user\\Desktop\\Web Development Projects\\amazon_clone\\functions","node_version":"14.15.4"} {"metadata":{"emulator":{"name":"functions"},"message":"[runtime-status] [14876] Functions runtime initialized. {\"cwd\":\"C:\\\\Users\\\\user\\\\Desktop\\\\Web Development Projects\\\\amazon_clone\\\\functions\",\"node_version\":\"14.15.4\"}"}}
[debug] [2021-07-10T05:26:09.872Z] [runtime-status] [14876] Disabled runtime features: undefined {"metadata":{"emulator":{"name":"functions"},"message":"[runtime-status] [14876] Disabled runtime features: undefined"}}
[debug] [2021-07-10T05:26:09.923Z] [runtime-status] [14876] Resolved module firebase-admin {"declared":true,"installed":true,"version":"9.10.0","resolution":"C:\\Users\\user\\Desktop\\Web Development Projects\\amazon_clone\\functions\\node_modules\\firebase-admin\\lib\\index.js"} {"metadata":{"emulator":{"name":"functions"},"message":"[runtime-status] [14876] Resolved module firebase-admin {\"declared\":true,\"installed\":true,\"version\":\"9.10.0\",\"resolution\":\"C:\\\\Users\\\\user\\\\Desktop\\\\Web Development Projects\\\\amazon_clone\\\\functions\\\\node_modules\\\\firebase-admin\\\\lib\\\\index.js\"}"}}
[debug] [2021-07-10T05:26:09.965Z] [runtime-status] [14876] Resolved module firebase-functions {"declared":true,"installed":true,"version":"3.14.1","resolution":"C:\\Users\\user\\Desktop\\Web Development Projects\\amazon_clone\\functions\\node_modules\\firebase-functions\\lib\\index.js"} {"metadata":{"emulator":{"name":"functions"},"message":"[runtime-status] [14876] Resolved module firebase-functions {\"declared\":true,\"installed\":true,\"version\":\"3.14.1\",\"resolution\":\"C:\\\\Users\\\\user\\\\Desktop\\\\Web Development Projects\\\\amazon_clone\\\\functions\\\\node_modules\\\\firebase-functions\\\\lib\\\\index.js\"}"}}
[debug] [2021-07-10T05:26:09.972Z] [runtime-status] [14876] Resolved module firebase-functions {"declared":true,"installed":true,"version":"3.14.1","resolution":"C:\\Users\\user\\Desktop\\Web Development Projects\\amazon_clone\\functions\\node_modules\\firebase-functions\\lib\\index.js"} {"metadata":{"emulator":{"name":"functions"},"message":"[runtime-status] [14876] Resolved module firebase-functions {\"declared\":true,\"installed\":true,\"version\":\"3.14.1\",\"resolution\":\"C:\\\\Users\\\\user\\\\Desktop\\\\Web Development Projects\\\\amazon_clone\\\\functions\\\\node_modules\\\\firebase-functions\\\\lib\\\\index.js\"}"}}
[debug] [2021-07-10T05:26:09.979Z] [runtime-status] [14876] Outgoing network have been stubbed. [{"name":"http","status":"mocked"},{"name":"http","status":"mocked"},{"name":"https","status":"mocked"},{"name":"https","status":"mocked"},{"name":"net","status":"mocked"}] {"metadata":{"emulator":{"name":"functions"},"message":"[runtime-status] [14876] Outgoing network have been stubbed. [{\"name\":\"http\",\"status\":\"mocked\"},{\"name\":\"http\",\"status\":\"mocked\"},{\"name\":\"https\",\"status\":\"mocked\"},{\"name\":\"https\",\"status\":\"mocked\"},{\"name\":\"net\",\"status\":\"mocked\"}]"}}
[debug] [2021-07-10T05:26:09.980Z] [runtime-status] [14876] Resolved module firebase-functions {"declared":true,"installed":true,"version":"3.14.1","resolution":"C:\\Users\\user\\Desktop\\Web Development Projects\\amazon_clone\\functions\\node_modules\\firebase-functions\\lib\\index.js"} {"metadata":{"emulator":{"name":"functions"},"message":"[runtime-status] [14876] Resolved module firebase-functions {\"declared\":true,\"installed\":true,\"version\":\"3.14.1\",\"resolution\":\"C:\\\\Users\\\\user\\\\Desktop\\\\Web Development Projects\\\\amazon_clone\\\\functions\\\\node_modules\\\\firebase-functions\\\\lib\\\\index.js\"}"}}
[debug] [2021-07-10T05:26:12.732Z] [runtime-status] [14876] Checked functions.config() {"config":{}} {"metadata":{"emulator":{"name":"functions"},"message":"[runtime-status] [14876] Checked functions.config() {\"config\":{}}"}}
[debug] [2021-07-10T05:26:12.733Z] [runtime-status] [14876] firebase-functions has been stubbed. {"functionsResolution":{"declared":true,"installed":true,"version":"3.14.1","resolution":"C:\\Users\\user\\Desktop\\Web Development Projects\\amazon_clone\\functions\\node_modules\\firebase-functions\\lib\\index.js"}} {"metadata":{"emulator":{"name":"functions"},"message":"[runtime-status] [14876] firebase-functions has been stubbed. {\"functionsResolution\":{\"declared\":true,\"installed\":true,\"version\":\"3.14.1\",\"resolution\":\"C:\\\\Users\\\\user\\\\Desktop\\\\Web Development Projects\\\\amazon_clone\\\\functions\\\\node_modules\\\\firebase-functions\\\\lib\\\\index.js\"}}"}}
[debug] [2021-07-10T05:26:12.734Z] [runtime-status] [14876] Resolved module firebase-functions {"declared":true,"installed":true,"version":"3.14.1","resolution":"C:\\Users\\user\\Desktop\\Web Development Projects\\amazon_clone\\functions\\node_modules\\firebase-functions\\lib\\index.js"} {"metadata":{"emulator":{"name":"functions"},"message":"[runtime-status] [14876] Resolved module firebase-functions {\"declared\":true,\"installed\":true,\"version\":\"3.14.1\",\"resolution\":\"C:\\\\Users\\\\user\\\\Desktop\\\\Web Development Projects\\\\amazon_clone\\\\functions\\\\node_modules\\\\firebase-functions\\\\lib\\\\index.js\"}"}}
[debug] [2021-07-10T05:26:12.737Z] [runtime-status] [14876] Resolved module firebase-admin {"declared":true,"installed":true,"version":"9.10.0","resolution":"C:\\Users\\user\\Desktop\\Web Development Projects\\amazon_clone\\functions\\node_modules\\firebase-admin\\lib\\index.js"} {"metadata":{"emulator":{"name":"functions"},"message":"[runtime-status] [14876] Resolved module firebase-admin {\"declared\":true,\"installed\":true,\"version\":\"9.10.0\",\"resolution\":\"C:\\\\Users\\\\user\\\\Desktop\\\\Web Development Projects\\\\amazon_clone\\\\functions\\\\node_modules\\\\firebase-admin\\\\lib\\\\index.js\"}"}}
[debug] [2021-07-10T05:26:12.737Z] [runtime-status] [14876] Resolved module firebase-functions {"declared":true,"installed":true,"version":"3.14.1","resolution":"C:\\Users\\user\\Desktop\\Web Development Projects\\amazon_clone\\functions\\node_modules\\firebase-functions\\lib\\index.js"} {"metadata":{"emulator":{"name":"functions"},"message":"[runtime-status] [14876] Resolved module firebase-functions {\"declared\":true,\"installed\":true,\"version\":\"3.14.1\",\"resolution\":\"C:\\\\Users\\\\user\\\\Desktop\\\\Web Development Projects\\\\amazon_clone\\\\functions\\\\node_modules\\\\firebase-functions\\\\lib\\\\index.js\"}"}}
[debug] [2021-07-10T05:26:12.738Z] [runtime-status] [14876] firebase-admin has been stubbed. {"adminResolution":{"declared":true,"installed":true,"version":"9.10.0","resolution":"C:\\Users\\user\\Desktop\\Web Development Projects\\amazon_clone\\functions\\node_modules\\firebase-admin\\lib\\index.js"}} {"metadata":{"emulator":{"name":"functions"},"message":"[runtime-status] [14876] firebase-admin has been stubbed. {\"adminResolution\":{\"declared\":true,\"installed\":true,\"version\":\"9.10.0\",\"resolution\":\"C:\\\\Users\\\\user\\\\Desktop\\\\Web Development Projects\\\\amazon_clone\\\\functions\\\\node_modules\\\\firebase-admin\\\\lib\\\\index.js\"}}"}}
[info] +  functions[us-central1-api]: http function initialized (http://localhost:5001/clone-11a84/us-central1/api). {"metadata":{"emulator":{"name":"functions"},"message":"\u001b[1mhttp\u001b[22m function initialized (http://localhost:5001/clone-11a84/us-central1/api)."}}
[info] 
┌─────────────────────────────────────────────────────────────┐
│ ✔  All emulators ready! It is now safe to connect your app. │
│ i  View Emulator UI at http://localhost:4000                │
└─────────────────────────────────────────────────────────────┘

┌───────────┬────────────────┬─────────────────────────────────┐
│ Emulator  │ Host:Port      │ View in Emulator UI             │
├───────────┼────────────────┼─────────────────────────────────┤
│ Functions │ localhost:5001 │ http://localhost:4000/functions │
├───────────┼────────────────┼─────────────────────────────────┤
│ Hosting   │ localhost:5000 │ n/a                             │
└───────────┴────────────────┴─────────────────────────────────┘
  Emulator Hub running at localhost:4400
  Other reserved ports: 4500

Issues? Report them at https://github.com/firebase/firebase-tools/issues and attach the *-debug.log files.
 
[debug] [2021-07-10T05:26:30.428Z] [worker-~diagnostic~-cecc0227-0637-4d49-8304-7663d37faaf4]: IDLE {"metadata":{"emulator":{"name":"functions"},"message":"[worker-~diagnostic~-cecc0227-0637-4d49-8304-7663d37faaf4]: IDLE"}}
